<?xml version="1.0" encoding="UTF-8"?>
<!-- Generated by org.testng.reporters.JUnitXMLReporter -->
<testsuite ignored="0" hostname="DESKTOP-D5AL82S" failures="1" tests="12" name="ChromeTest" time="0.294" errors="0" timestamp="2024-10-28T15:45:23 IST">
  <testcase classname="com.Epsondoms.ProductTest.MensProductTest" name="addProduct" time="0.018"/>
  <testcase classname="com.Epsondoms.ProductTest.MensProductTest" name="removeProduct" time="0.01"/>
  <testcase classname="com.Epsondoms.ProductTest.MensProductTest" name="updateProduct" time="0.01"/>
  <testcase classname="com.Epsondoms.ProductTest.WomensProductTest" name="addProduct" time="0.014"/>
  <testcase classname="com.Epsondoms.ProductTest.WomensProductTest" name="removeProduct" time="0.006"/>
  <testcase classname="com.Epsondoms.ProductTest.WomensProductTest" name="updateProduct" time="0.007"/>
  <testcase classname="com.Epsondoms.ProductTest.ElectronicProductTest" name="addProduct" time="0.005">
    <failure type="java.lang.Error" message="Unresolved compilation problems: 
	dfs cannot be resolved to a type
	Syntax error on token &amp;quot;.&amp;quot;, ; expected
	out cannot be resolved
">
      <![CDATA[java.lang.Error: Unresolved compilation problems: 
dfs cannot be resolved to a type
Syntax error on token ".", ; expected
out cannot be resolved

at com.Epsondoms.ProductTest.ElectronicProductTest.addProduct(ElectronicProductTest.java:9)
at java.base/java.util.ArrayList.forEach(ArrayList.java:1597)
... Removed 25 stack frames]]>
    </failure>
  </testcase> <!-- addProduct -->
  <testcase classname="com.Epsondoms.ProductTest.ElectronicProductTest" name="removeProduct" time="0.002"/>
  <testcase classname="com.Epsondoms.ProductTest.ElectronicProductTest" name="updateProduct" time="0.003"/>
  <testcase classname="com.Epsondoms.ProductTest.KidsProductTest" name="addProduct" time="0.003"/>
  <testcase classname="com.Epsondoms.ProductTest.KidsProductTest" name="removeProduct" time="0.004"/>
  <testcase classname="com.Epsondoms.ProductTest.KidsProductTest" name="updateProduct" time="0.007"/>
</testsuite> <!-- ChromeTest -->
