<?xml version="1.0" encoding="UTF-8"?>
<testng-results ignored="0" total="0" passed="0" failed="0" skipped="0">
  <reporter-output>
  </reporter-output>
  <suite started-at="2024-10-29T15:17:31 IST" name="FunctionalitySuite" finished-at="2024-10-29T15:17:31 IST" duration-ms="17">
    <groups>
    </groups>
    <test started-at="2024-10-29T15:17:31 IST" name="ChromeTest" finished-at="2024-10-29T15:17:31 IST" duration-ms="17">
    </test> <!-- ChromeTest -->
  </suite> <!-- FunctionalitySuite -->
</testng-results>
