<?xml version="1.0" encoding="UTF-8"?>
<!-- Generated by org.testng.reporters.JUnitXMLReporter -->
<testsuite ignored="0" hostname="DESKTOP-D5AL82S" failures="0" tests="13" name="RegressionSuite" time="0.249" errors="0" timestamp="2024-10-28T15:34:43 IST">
  <testcase classname="com.Epsondoms.ProductTest.MensProductTest" name="addProduct" time="0.025"/>
  <testcase classname="com.Epsondoms.ProductTest.MensProductTest" name="removeProduct" time="0.004"/>
  <testcase classname="com.Epsondoms.ProductTest.MensProductTest" name="updateProduct" time="0.003"/>
  <testcase classname="DemoTest.Demo" name="DemoTest" time="0.005"/>
  <testcase classname="com.Epsondoms.ProductTest.WomensProductTest" name="addProduct" time="0.004"/>
  <testcase classname="com.Epsondoms.ProductTest.WomensProductTest" name="removeProduct" time="0.003"/>
  <testcase classname="com.Epsondoms.ProductTest.WomensProductTest" name="updateProduct" time="0.005"/>
  <testcase classname="com.Epsondoms.ProductTest.ElectronicProductTest" name="addProduct" time="0.008"/>
  <testcase classname="com.Epsondoms.ProductTest.ElectronicProductTest" name="removeProduct" time="0.007"/>
  <testcase classname="com.Epsondoms.ProductTest.ElectronicProductTest" name="updateProduct" time="0.005"/>
  <testcase classname="com.Epsondoms.ProductTest.KidsProductTest" name="addProduct" time="0.004"/>
  <testcase classname="com.Epsondoms.ProductTest.KidsProductTest" name="removeProduct" time="0.013"/>
  <testcase classname="com.Epsondoms.ProductTest.KidsProductTest" name="updateProduct" time="0.004"/>
</testsuite> <!-- RegressionSuite -->
