<?xml version="1.0" encoding="UTF-8"?>
<!-- Generated by org.testng.reporters.JUnitXMLReporter -->
<testsuite ignored="0" hostname="DESKTOP-D5AL82S" failures="0" tests="3" name="Default test" time="0.144" errors="0" timestamp="2024-10-28T15:21:05 IST">
  <testcase classname="com.Epsondoms.ProductTest.ElectronicProductTest" name="addProduct" time="0.024"/>
  <testcase classname="com.Epsondoms.ProductTest.ElectronicProductTest" name="removeProduct" time="0.005"/>
  <testcase classname="com.Epsondoms.ProductTest.ElectronicProductTest" name="updateProduct" time="0.003"/>
</testsuite> <!-- Default test -->
